
//-- 19.08.2015 19:22:22  -----------------------------

2  19:22:22 CloseMonitor
3  19:22:22 InitMonitor
4  19:22:22 AddNetName RKMONITOR
5  19:22:22 RKMONITOR added
6  19:22:22 ChanelOpen K69SERV
7  19:22:25 AddNetName RKMONITOR2
8  19:22:25 RKMONITOR2 added
9  19:22:25 ChanelOpen G69SERV
10  19:22:28 AddNetName RKMONITOR2
11  19:22:28 RKMONITOR2 added
12  19:22:28 ChanelOpen G69SERV
13  19:22:31 AddNetName RKMONITOR2
14  19:22:31 RKMONITOR2 added
15  19:22:31 ChanelOpen G69SERV
16  19:22:34 AddNetName RKMONITOR2
17  19:22:34 RKMONITOR2 added
18  19:22:34 ChanelOpen G69SERV

//-- 19.08.2015 19:23:01  -----------------------------

2  19:23:01 CloseMonitor
3  19:23:01 InitMonitor
4  19:23:01 AddNetName RKMONITOR
5  19:23:01 RKMONITOR added
6  19:23:01 ChanelOpen K69SERV
7  19:23:03 AddNetName RKMONITOR2
8  19:23:03 RKMONITOR2 added
9  19:23:03 ChanelOpen G69SERV
10  19:23:04 AddNetName RKMONITOR2
11  19:23:04 RKMONITOR2 added
12  19:23:04 ChanelOpen G69SERV
13  19:23:06 AddNetName RKMONITOR2
14  19:23:06 RKMONITOR2 added
15  19:23:06 ChanelOpen G69SERV
16  19:23:07 AddNetName RKMONITOR2
17  19:23:07 RKMONITOR2 added
18  19:23:07 ChanelOpen G69SERV
19  19:23:09 AddNetName RKMONITOR2
20  19:23:09 RKMONITOR2 added
21  19:23:09 ChanelOpen G69SERV
22  19:23:10 AddNetName RKMONITOR2
23  19:23:10 RKMONITOR2 added
24  19:23:10 ChanelOpen G69SERV
25  19:23:12 AddNetName RKMONITOR2
26  19:23:12 RKMONITOR2 added
27  19:23:12 ChanelOpen G69SERV
28  19:23:13 AddNetName RKMONITOR2
29  19:23:13 RKMONITOR2 added
30  19:23:13 ChanelOpen G69SERV
31  19:23:15 AddNetName RKMONITOR2
32  19:23:15 RKMONITOR2 added
33  19:23:15 ChanelOpen G69SERV
34  19:23:16 AddNetName RKMONITOR2
35  19:23:16 RKMONITOR2 added
36  19:23:16 ChanelOpen G69SERV
37  19:23:18 AddNetName RKMONITOR2
38  19:23:18 RKMONITOR2 added
39  19:23:18 ChanelOpen G69SERV
40  19:23:19 AddNetName RKMONITOR2
41  19:23:19 RKMONITOR2 added
42  19:23:19 ChanelOpen G69SERV
43  19:23:21 GetServerVersion97 on 0
44  19:23:21 GetServerVersion97 result 0
45  19:23:21 Collections read on 0
46  19:23:21 GetServerVersion97 on 0
47  19:23:21 GetServerVersion97 result 0
48  19:23:21 GetServerVersion97 on 1
49  19:23:21 GetServerVersion97 result 0
50  19:23:21 GetServerVersion97 on 2
51  19:23:21 GetServerVersion97 result 0
52  19:23:21 GetServerVersion97 on 3
53  19:23:21 GetServerVersion97 result 0
54  19:23:21 GetServerVersion97 on 4
55  19:23:21 GetServerVersion97 result 0
56  19:23:21 GetServerVersion97 on 5
57  19:23:21 GetServerVersion97 result 0
58  19:23:21 GetServerVersion97 on 6
59  19:23:21 GetServerVersion97 result 0
60  19:23:21 GetServerVersion97 on 7
61  19:23:21 GetServerVersion97 result 0
62  19:23:21 GetServerVersion97 on 8
63  19:23:21 GetServerVersion97 result 0
64  19:23:21 GetServerVersion97 on 9
65  19:23:21 GetServerVersion97 result 0
66  19:23:21 GetServerVersion97 on 10
67  19:23:21 GetServerVersion97 result 0
68  19:23:21 GetServerVersion97 on 11
69  19:23:21 GetServerVersion97 result 0
70  19:23:21 GetServerVersion97 on 12
71  19:23:21 GetServerVersion97 result 0
72  19:23:31 GetServerVersion97 on 0
73  19:23:31 GetServerVersion97 result 0
74  19:23:31 GetServerVersion97 on 1
75  19:23:31 GetServerVersion97 result 0
76  19:23:31 GetServerVersion97 on 2
77  19:23:31 GetServerVersion97 result 0
78  19:23:31 GetServerVersion97 on 3
79  19:23:31 GetServerVersion97 result 0
80  19:23:31 GetServerVersion97 on 4
81  19:23:31 GetServerVersion97 result 0
82  19:23:31 GetServerVersion97 on 5
83  19:23:31 GetServerVersion97 result 0
84  19:23:31 GetServerVersion97 on 6
85  19:23:31 GetServerVersion97 result 0
86  19:23:31 GetServerVersion97 on 7
87  19:23:31 GetServerVersion97 result 0
88  19:23:31 GetServerVersion97 on 8
89  19:23:31 GetServerVersion97 result 0
90  19:23:31 GetServerVersion97 on 9
91  19:23:31 GetServerVersion97 result 0
92  19:23:31 GetServerVersion97 on 10
93  19:23:31 GetServerVersion97 result 0
94  19:23:31 GetServerVersion97 on 11
95  19:23:31 GetServerVersion97 result 0
96  19:23:31 GetServerVersion97 on 12
97  19:23:31 GetServerVersion97 result 0
98  19:23:38 CloseMonitor

//-- 20.08.2015 12:20:13  -----------------------------

2  12:20:13 CloseMonitor
3  12:20:13 InitMonitor
4  12:20:13 AddNetName RKMONITOR
5  12:20:13 RKMONITOR added
6  12:20:13 ChanelOpen K69SERV
7  12:20:15 AddNetName RKMONITOR2
8  12:20:15 RKMONITOR2 added
9  12:20:15 ChanelOpen G69SERV
10  12:20:16 AddNetName RKMONITOR2
11  12:20:16 RKMONITOR2 added
12  12:20:16 ChanelOpen G69SERV
13  12:20:18 AddNetName RKMONITOR2
14  12:20:18 RKMONITOR2 added
15  12:20:18 ChanelOpen G69SERV
16  12:20:19 AddNetName RKMONITOR2
17  12:20:19 RKMONITOR2 added
18  12:20:19 ChanelOpen G69SERV
19  12:20:21 AddNetName RKMONITOR2
20  12:20:21 RKMONITOR2 added
21  12:20:21 ChanelOpen G69SERV
22  12:20:22 AddNetName RKMONITOR2
23  12:20:22 RKMONITOR2 added
24  12:20:22 ChanelOpen G69SERV
25  12:20:24 AddNetName RKMONITOR2
26  12:20:24 RKMONITOR2 added
27  12:20:24 ChanelOpen G69SERV
28  12:20:25 AddNetName RKMONITOR2
29  12:20:25 RKMONITOR2 added
30  12:20:25 ChanelOpen G69SERV
31  12:20:27 AddNetName RKMONITOR2
32  12:20:27 RKMONITOR2 added
33  12:20:27 ChanelOpen G69SERV
34  12:20:28 AddNetName RKMONITOR2
35  12:20:28 RKMONITOR2 added
36  12:20:28 ChanelOpen G69SERV
37  12:20:30 AddNetName RKMONITOR2
38  12:20:30 RKMONITOR2 added
39  12:20:30 ChanelOpen G69SERV
40  12:20:31 AddNetName RKMONITOR2
41  12:20:31 RKMONITOR2 added
42  12:20:31 ChanelOpen G69SERV
43  12:20:33 GetServerVersion97 on 0
44  12:20:33 GetServerVersion97 result 0
45  12:20:33 Collections read on 0
46  12:20:33 GetServerVersion97 on 0
47  12:20:33 GetServerVersion97 result 0
48  12:20:33 GetServerVersion97 on 1
49  12:20:33 GetServerVersion97 result 0
50  12:20:33 GetServerVersion97 on 2
51  12:20:33 GetServerVersion97 result 0
52  12:20:33 GetServerVersion97 on 3
53  12:20:33 GetServerVersion97 result 0
54  12:20:33 GetServerVersion97 on 4
55  12:20:33 GetServerVersion97 result 0
56  12:20:33 GetServerVersion97 on 5
57  12:20:33 GetServerVersion97 result 0
58  12:20:33 GetServerVersion97 on 6
59  12:20:33 GetServerVersion97 result 0
60  12:20:33 GetServerVersion97 on 7
61  12:20:33 GetServerVersion97 result 0
62  12:20:33 GetServerVersion97 on 8
63  12:20:33 GetServerVersion97 result 0
64  12:20:33 GetServerVersion97 on 9
65  12:20:33 GetServerVersion97 result 0
66  12:20:33 GetServerVersion97 on 10
67  12:20:33 GetServerVersion97 result 0
68  12:20:33 GetServerVersion97 on 11
69  12:20:33 GetServerVersion97 result 0
70  12:20:33 GetServerVersion97 on 12
71  12:20:33 GetServerVersion97 result 0
72  12:20:43 GetServerVersion97 on 0
73  12:20:43 GetServerVersion97 result 0
74  12:20:43 GetServerVersion97 on 1
75  12:20:43 GetServerVersion97 result 0
76  12:20:43 GetServerVersion97 on 2
77  12:20:43 GetServerVersion97 result 0
78  12:20:43 GetServerVersion97 on 3
79  12:20:43 GetServerVersion97 result 0
80  12:20:43 GetServerVersion97 on 4
81  12:20:43 GetServerVersion97 result 0
82  12:20:43 GetServerVersion97 on 5
83  12:20:43 GetServerVersion97 result 0
84  12:20:43 GetServerVersion97 on 6
85  12:20:43 GetServerVersion97 result 0
86  12:20:43 GetServerVersion97 on 7
87  12:20:43 GetServerVersion97 result 0
88  12:20:43 GetServerVersion97 on 8
89  12:20:43 GetServerVersion97 result 0
90  12:20:43 GetServerVersion97 on 9
91  12:20:43 GetServerVersion97 result 0
92  12:20:43 GetServerVersion97 on 10
93  12:20:43 GetServerVersion97 result 0
94  12:20:43 GetServerVersion97 on 11
95  12:20:43 GetServerVersion97 result 0
96  12:20:43 GetServerVersion97 on 12
97  12:20:43 GetServerVersion97 result 0
98  12:20:53 GetServerVersion97 on 0
99  12:20:53 GetServerVersion97 result 0
100  12:20:53 GetServerVersion97 on 1
101  12:20:53 GetServerVersion97 result 0
102  12:20:53 GetServerVersion97 on 2
103  12:20:53 GetServerVersion97 result 0
104  12:20:53 GetServerVersion97 on 3
105  12:20:53 GetServerVersion97 result 0
106  12:20:53 GetServerVersion97 on 4
107  12:20:53 GetServerVersion97 result 0
108  12:20:53 GetServerVersion97 on 5
109  12:20:53 GetServerVersion97 result 0
110  12:20:53 GetServerVersion97 on 6
111  12:20:53 GetServerVersion97 result 0
112  12:20:53 GetServerVersion97 on 7
113  12:20:53 GetServerVersion97 result 0
114  12:20:53 GetServerVersion97 on 8
115  12:20:53 GetServerVersion97 result 0
116  12:20:53 GetServerVersion97 on 9
117  12:20:53 GetServerVersion97 result 0
118  12:20:53 GetServerVersion97 on 10
119  12:20:53 GetServerVersion97 result 0
120  12:20:53 GetServerVersion97 on 11
121  12:20:53 GetServerVersion97 result 0
122  12:20:53 GetServerVersion97 on 12
123  12:20:53 GetServerVersion97 result 0
124  12:21:03 GetServerVersion97 on 0
125  12:21:03 GetServerVersion97 result 0
126  12:21:03 GetServerVersion97 on 1
127  12:21:03 GetServerVersion97 result 0
128  12:21:03 GetServerVersion97 on 2
129  12:21:03 GetServerVersion97 result 0
130  12:21:03 GetServerVersion97 on 3
131  12:21:03 GetServerVersion97 result 0
132  12:21:03 GetServerVersion97 on 4
133  12:21:03 GetServerVersion97 result 0
134  12:21:03 GetServerVersion97 on 5
135  12:21:03 GetServerVersion97 result 0
136  12:21:03 GetServerVersion97 on 6
137  12:21:03 GetServerVersion97 result 0
138  12:21:03 GetServerVersion97 on 7
139  12:21:03 GetServerVersion97 result 0
140  12:21:03 GetServerVersion97 on 8
141  12:21:03 GetServerVersion97 result 0
142  12:21:03 GetServerVersion97 on 9
143  12:21:03 GetServerVersion97 result 0
144  12:21:03 GetServerVersion97 on 10
145  12:21:03 GetServerVersion97 result 0
146  12:21:03 GetServerVersion97 on 11
147  12:21:03 GetServerVersion97 result 0
148  12:21:03 GetServerVersion97 on 12
149  12:21:03 GetServerVersion97 result 0
150  12:21:13 GetServerVersion97 on 0
151  12:21:13 GetServerVersion97 result 0
152  12:21:13 GetServerVersion97 on 1
153  12:21:13 GetServerVersion97 result 0
154  12:21:13 GetServerVersion97 on 2
155  12:21:13 GetServerVersion97 result 0
156  12:21:13 GetServerVersion97 on 3
157  12:21:13 GetServerVersion97 result 0
158  12:21:13 GetServerVersion97 on 4
159  12:21:13 GetServerVersion97 result 0
160  12:21:13 GetServerVersion97 on 5
161  12:21:13 GetServerVersion97 result 0
162  12:21:13 GetServerVersion97 on 6
163  12:21:13 GetServerVersion97 result 0
164  12:21:13 GetServerVersion97 on 7
165  12:21:13 GetServerVersion97 result 0
166  12:21:13 GetServerVersion97 on 8
167  12:21:13 GetServerVersion97 result 0
168  12:21:13 GetServerVersion97 on 9
169  12:21:13 GetServerVersion97 result 0
170  12:21:13 GetServerVersion97 on 10
171  12:21:13 GetServerVersion97 result 0
172  12:21:13 GetServerVersion97 on 11
173  12:21:13 GetServerVersion97 result 0
174  12:21:13 GetServerVersion97 on 12
175  12:21:13 GetServerVersion97 result 0
176  12:21:23 GetServerVersion97 on 0
177  12:21:23 GetServerVersion97 result 0
178  12:21:23 GetServerVersion97 on 1
179  12:21:23 GetServerVersion97 result 0
180  12:21:23 GetServerVersion97 on 2
181  12:21:23 GetServerVersion97 result 0
182  12:21:23 GetServerVersion97 on 3
183  12:21:23 GetServerVersion97 result 0
184  12:21:23 GetServerVersion97 on 4
185  12:21:23 GetServerVersion97 result 0
186  12:21:23 GetServerVersion97 on 5
187  12:21:23 GetServerVersion97 result 0
188  12:21:23 GetServerVersion97 on 6
189  12:21:23 GetServerVersion97 result 0
190  12:21:23 GetServerVersion97 on 7
191  12:21:23 GetServerVersion97 result 0
192  12:21:23 GetServerVersion97 on 8
193  12:21:23 GetServerVersion97 result 0
194  12:21:23 GetServerVersion97 on 9
195  12:21:23 GetServerVersion97 result 0
196  12:21:23 GetServerVersion97 on 10
197  12:21:23 GetServerVersion97 result 0
198  12:21:23 GetServerVersion97 on 11
199  12:21:23 GetServerVersion97 result 0
200  12:21:23 GetServerVersion97 on 12
201  12:21:23 GetServerVersion97 result 0
202  12:21:33 GetServerVersion97 on 0
203  12:21:33 GetServerVersion97 result 0
204  12:21:33 GetServerVersion97 on 1
205  12:21:33 GetServerVersion97 result 0
206  12:21:33 GetServerVersion97 on 2
207  12:21:33 GetServerVersion97 result 0
208  12:21:33 GetServerVersion97 on 3
209  12:21:33 GetServerVersion97 result 0
210  12:21:33 GetServerVersion97 on 4
211  12:21:33 GetServerVersion97 result 0
212  12:21:33 GetServerVersion97 on 5
213  12:21:33 GetServerVersion97 result 0
214  12:21:33 GetServerVersion97 on 6
215  12:21:33 GetServerVersion97 result 0
216  12:21:33 GetServerVersion97 on 7
217  12:21:33 GetServerVersion97 result 0
218  12:21:33 GetServerVersion97 on 8
219  12:21:33 GetServerVersion97 result 0
220  12:21:33 GetServerVersion97 on 9
221  12:21:33 GetServerVersion97 result 0
222  12:21:33 GetServerVersion97 on 10
223  12:21:33 GetServerVersion97 result 0
224  12:21:33 GetServerVersion97 on 11
225  12:21:33 GetServerVersion97 result 0
226  12:21:33 GetServerVersion97 on 12
227  12:21:33 GetServerVersion97 result 0
228  12:21:43 GetServerVersion97 on 0
229  12:21:43 GetServerVersion97 result 0
230  12:21:43 GetServerVersion97 on 1
231  12:21:43 GetServerVersion97 result 0
232  12:21:43 GetServerVersion97 on 2
233  12:21:43 GetServerVersion97 result 0
234  12:21:43 GetServerVersion97 on 3
235  12:21:43 GetServerVersion97 result 0
236  12:21:43 GetServerVersion97 on 4
237  12:21:43 GetServerVersion97 result 0
238  12:21:43 GetServerVersion97 on 5
239  12:21:43 GetServerVersion97 result 0
240  12:21:43 GetServerVersion97 on 6
241  12:21:43 GetServerVersion97 result 0
242  12:21:43 GetServerVersion97 on 7
243  12:21:43 GetServerVersion97 result 0
244  12:21:43 GetServerVersion97 on 8
245  12:21:43 GetServerVersion97 result 0
246  12:21:43 GetServerVersion97 on 9
247  12:21:43 GetServerVersion97 result 0
248  12:21:43 GetServerVersion97 on 10
249  12:21:43 GetServerVersion97 result 0
250  12:21:43 GetServerVersion97 on 11
251  12:21:43 GetServerVersion97 result 0
252  12:21:43 GetServerVersion97 on 12
253  12:21:43 GetServerVersion97 result 0
254  12:21:53 GetServerVersion97 on 0
255  12:21:53 GetServerVersion97 result 0
256  12:21:53 GetServerVersion97 on 1
257  12:21:53 GetServerVersion97 result 0
258  12:21:53 GetServerVersion97 on 2
259  12:21:53 GetServerVersion97 result 0
260  12:21:53 GetServerVersion97 on 3
261  12:21:53 GetServerVersion97 result 0
262  12:21:53 GetServerVersion97 on 4
263  12:21:53 GetServerVersion97 result 0
264  12:21:53 GetServerVersion97 on 5
265  12:21:53 GetServerVersion97 result 0
266  12:21:53 GetServerVersion97 on 6
267  12:21:53 GetServerVersion97 result 0
268  12:21:53 GetServerVersion97 on 7
269  12:21:53 GetServerVersion97 result 0
270  12:21:53 GetServerVersion97 on 8
271  12:21:53 GetServerVersion97 result 0
272  12:21:53 GetServerVersion97 on 9
273  12:21:53 GetServerVersion97 result 0
274  12:21:53 GetServerVersion97 on 10
275  12:21:53 GetServerVersion97 result 0
276  12:21:53 GetServerVersion97 on 11
277  12:21:53 GetServerVersion97 result 0
278  12:21:53 GetServerVersion97 on 12
279  12:21:53 GetServerVersion97 result 0
280  12:22:03 GetServerVersion97 on 0
281  12:22:03 GetServerVersion97 result 0
282  12:22:03 GetServerVersion97 on 1
283  12:22:03 GetServerVersion97 result 0
284  12:22:03 GetServerVersion97 on 2
285  12:22:03 GetServerVersion97 result 0
286  12:22:03 GetServerVersion97 on 3
287  12:22:03 GetServerVersion97 result 0
288  12:22:03 GetServerVersion97 on 4
289  12:22:03 GetServerVersion97 result 0
290  12:22:03 GetServerVersion97 on 5
291  12:22:03 GetServerVersion97 result 0
292  12:22:03 GetServerVersion97 on 6
293  12:22:03 GetServerVersion97 result 0
294  12:22:03 GetServerVersion97 on 7
295  12:22:03 GetServerVersion97 result 0
296  12:22:03 GetServerVersion97 on 8
297  12:22:03 GetServerVersion97 result 0
298  12:22:03 GetServerVersion97 on 9
299  12:22:03 GetServerVersion97 result 0
300  12:22:03 GetServerVersion97 on 10
301  12:22:03 GetServerVersion97 result 0
302  12:22:03 GetServerVersion97 on 11
303  12:22:03 GetServerVersion97 result 0
304  12:22:03 GetServerVersion97 on 12
305  12:22:03 GetServerVersion97 result 0
306  12:22:13 GetServerVersion97 on 0
307  12:22:13 GetServerVersion97 result 0
308  12:22:13 GetServerVersion97 on 1
309  12:22:13 GetServerVersion97 result 0
310  12:22:13 GetServerVersion97 on 2
311  12:22:13 GetServerVersion97 result 0
312  12:22:13 GetServerVersion97 on 3
313  12:22:13 GetServerVersion97 result 0
314  12:22:13 GetServerVersion97 on 4
315  12:22:13 GetServerVersion97 result 0
316  12:22:13 GetServerVersion97 on 5
317  12:22:13 GetServerVersion97 result 0
318  12:22:13 GetServerVersion97 on 6
319  12:22:13 GetServerVersion97 result 0
320  12:22:13 GetServerVersion97 on 7
321  12:22:13 GetServerVersion97 result 0
322  12:22:13 GetServerVersion97 on 8
323  12:22:13 GetServerVersion97 result 0
324  12:22:13 GetServerVersion97 on 9
325  12:22:13 GetServerVersion97 result 0
326  12:22:13 GetServerVersion97 on 10
327  12:22:13 GetServerVersion97 result 0
328  12:22:13 GetServerVersion97 on 11
329  12:22:13 GetServerVersion97 result 0
330  12:22:13 GetServerVersion97 on 12
331  12:22:13 GetServerVersion97 result 0
332  12:22:23 GetServerVersion97 on 0
333  12:22:23 GetServerVersion97 result 0
334  12:22:23 GetServerVersion97 on 1
335  12:22:23 GetServerVersion97 result 0
336  12:22:23 GetServerVersion97 on 2
337  12:22:23 GetServerVersion97 result 0
338  12:22:23 GetServerVersion97 on 3
339  12:22:23 GetServerVersion97 result 0
340  12:22:23 GetServerVersion97 on 4
341  12:22:23 GetServerVersion97 result 0
342  12:22:23 GetServerVersion97 on 5
343  12:22:23 GetServerVersion97 result 0
344  12:22:23 GetServerVersion97 on 6
345  12:22:23 GetServerVersion97 result 0
346  12:22:23 GetServerVersion97 on 7
347  12:22:23 GetServerVersion97 result 0
348  12:22:23 GetServerVersion97 on 8
349  12:22:23 GetServerVersion97 result 0
350  12:22:23 GetServerVersion97 on 9
351  12:22:23 GetServerVersion97 result 0
352  12:22:23 GetServerVersion97 on 10
353  12:22:23 GetServerVersion97 result 0
354  12:22:23 GetServerVersion97 on 11
355  12:22:23 GetServerVersion97 result 0
356  12:22:23 GetServerVersion97 on 12
357  12:22:23 GetServerVersion97 result 0
358  12:22:33 GetServerVersion97 on 0
359  12:22:33 GetServerVersion97 result 0
360  12:22:33 GetServerVersion97 on 1
361  12:22:33 GetServerVersion97 result 0
362  12:22:33 GetServerVersion97 on 2
363  12:22:33 GetServerVersion97 result 0
364  12:22:33 GetServerVersion97 on 3
365  12:22:33 GetServerVersion97 result 0
366  12:22:33 GetServerVersion97 on 4
367  12:22:33 GetServerVersion97 result 0
368  12:22:33 GetServerVersion97 on 5
369  12:22:33 GetServerVersion97 result 0
370  12:22:33 GetServerVersion97 on 6
371  12:22:33 GetServerVersion97 result 0
372  12:22:33 GetServerVersion97 on 7
373  12:22:33 GetServerVersion97 result 0
374  12:22:33 GetServerVersion97 on 8
375  12:22:33 GetServerVersion97 result 0
376  12:22:33 GetServerVersion97 on 9
377  12:22:33 GetServerVersion97 result 0
378  12:22:33 GetServerVersion97 on 10
379  12:22:33 GetServerVersion97 result 0
380  12:22:33 GetServerVersion97 on 11
381  12:22:33 GetServerVersion97 result 0
382  12:22:33 GetServerVersion97 on 12
383  12:22:33 GetServerVersion97 result 0
384  12:22:43 GetServerVersion97 on 0
385  12:22:43 GetServerVersion97 result 0
386  12:22:43 GetServerVersion97 on 1
387  12:22:43 GetServerVersion97 result 0
388  12:22:43 GetServerVersion97 on 2
389  12:22:43 GetServerVersion97 result 0
390  12:22:43 GetServerVersion97 on 3
391  12:22:43 GetServerVersion97 result 0
392  12:22:43 GetServerVersion97 on 4
393  12:22:43 GetServerVersion97 result 0
394  12:22:43 GetServerVersion97 on 5
395  12:22:43 GetServerVersion97 result 0
396  12:22:43 GetServerVersion97 on 6
397  12:22:43 GetServerVersion97 result 0
398  12:22:43 GetServerVersion97 on 7
399  12:22:43 GetServerVersion97 result 0
400  12:22:43 GetServerVersion97 on 8
401  12:22:43 GetServerVersion97 result 0
402  12:22:43 GetServerVersion97 on 9
403  12:22:43 GetServerVersion97 result 0
404  12:22:43 GetServerVersion97 on 10
405  12:22:43 GetServerVersion97 result 0
406  12:22:43 GetServerVersion97 on 11
407  12:22:43 GetServerVersion97 result 0
408  12:22:43 GetServerVersion97 on 12
409  12:22:43 GetServerVersion97 result 0
410  12:22:53 GetServerVersion97 on 0
411  12:22:53 GetServerVersion97 result 0
412  12:22:53 GetServerVersion97 on 1
413  12:22:53 GetServerVersion97 result 0
414  12:22:53 GetServerVersion97 on 2
415  12:22:53 GetServerVersion97 result 0
416  12:22:53 GetServerVersion97 on 3
417  12:22:53 GetServerVersion97 result 0
418  12:22:53 GetServerVersion97 on 4
419  12:22:53 GetServerVersion97 result 0
420  12:22:53 GetServerVersion97 on 5
421  12:22:53 GetServerVersion97 result 0
422  12:22:53 GetServerVersion97 on 6
423  12:22:53 GetServerVersion97 result 0
424  12:22:53 GetServerVersion97 on 7
425  12:22:53 GetServerVersion97 result 0
426  12:22:53 GetServerVersion97 on 8
427  12:22:53 GetServerVersion97 result 0
428  12:22:53 GetServerVersion97 on 9
429  12:22:53 GetServerVersion97 result 0
430  12:22:53 GetServerVersion97 on 10
431  12:22:53 GetServerVersion97 result 0
432  12:22:53 GetServerVersion97 on 11
433  12:22:53 GetServerVersion97 result 0
434  12:22:53 GetServerVersion97 on 12
435  12:22:53 GetServerVersion97 result 0
436  12:23:03 GetServerVersion97 on 0
437  12:23:03 GetServerVersion97 result 0
438  12:23:03 GetServerVersion97 on 1
439  12:23:03 GetServerVersion97 result 0
440  12:23:03 GetServerVersion97 on 2
441  12:23:03 GetServerVersion97 result 0
442  12:23:03 GetServerVersion97 on 3
443  12:23:03 GetServerVersion97 result 0
444  12:23:03 GetServerVersion97 on 4
445  12:23:03 GetServerVersion97 result 0
446  12:23:03 GetServerVersion97 on 5
447  12:23:03 GetServerVersion97 result 0
448  12:23:03 GetServerVersion97 on 6
449  12:23:03 GetServerVersion97 result 0
450  12:23:03 GetServerVersion97 on 7
451  12:23:03 GetServerVersion97 result 0
452  12:23:03 GetServerVersion97 on 8
453  12:23:03 GetServerVersion97 result 0
454  12:23:03 GetServerVersion97 on 9
455  12:23:03 GetServerVersion97 result 0
456  12:23:03 GetServerVersion97 on 10
457  12:23:03 GetServerVersion97 result 0
458  12:23:03 GetServerVersion97 on 11
459  12:23:03 GetServerVersion97 result 0
460  12:23:03 GetServerVersion97 on 12
461  12:23:03 GetServerVersion97 result 0
462  12:23:13 GetServerVersion97 on 0
463  12:23:13 GetServerVersion97 result 0
464  12:23:13 GetServerVersion97 on 1
465  12:23:13 GetServerVersion97 result 0
466  12:23:13 GetServerVersion97 on 2
467  12:23:13 GetServerVersion97 result 0
468  12:23:13 GetServerVersion97 on 3
469  12:23:13 GetServerVersion97 result 0
470  12:23:13 GetServerVersion97 on 4
471  12:23:13 GetServerVersion97 result 0
472  12:23:13 GetServerVersion97 on 5
473  12:23:13 GetServerVersion97 result 0
474  12:23:13 GetServerVersion97 on 6
475  12:23:13 GetServerVersion97 result 0
476  12:23:13 GetServerVersion97 on 7
477  12:23:13 GetServerVersion97 result 0
478  12:23:13 GetServerVersion97 on 8
479  12:23:13 GetServerVersion97 result 0
480  12:23:13 GetServerVersion97 on 9
481  12:23:13 GetServerVersion97 result 0
482  12:23:13 GetServerVersion97 on 10
483  12:23:13 GetServerVersion97 result 0
484  12:23:13 GetServerVersion97 on 11
485  12:23:13 GetServerVersion97 result 0
486  12:23:13 GetServerVersion97 on 12
487  12:23:13 GetServerVersion97 result 0
488  12:23:23 GetServerVersion97 on 0
489  12:23:23 GetServerVersion97 result 0
490  12:23:23 GetServerVersion97 on 1
491  12:23:23 GetServerVersion97 result 0
492  12:23:23 GetServerVersion97 on 2
493  12:23:23 GetServerVersion97 result 0
494  12:23:23 GetServerVersion97 on 3
495  12:23:23 GetServerVersion97 result 0
496  12:23:23 GetServerVersion97 on 4
497  12:23:23 GetServerVersion97 result 0
498  12:23:23 GetServerVersion97 on 5
499  12:23:23 GetServerVersion97 result 0
500  12:23:23 GetServerVersion97 on 6
501  12:23:23 GetServerVersion97 result 0
502  12:23:23 GetServerVersion97 on 7
503  12:23:23 GetServerVersion97 result 0
504  12:23:23 GetServerVersion97 on 8
505  12:23:23 GetServerVersion97 result 0
506  12:23:23 GetServerVersion97 on 9
507  12:23:23 GetServerVersion97 result 0
508  12:23:23 GetServerVersion97 on 10
509  12:23:23 GetServerVersion97 result 0
510  12:23:23 GetServerVersion97 on 11
511  12:23:23 GetServerVersion97 result 0
512  12:23:23 GetServerVersion97 on 12
513  12:23:23 GetServerVersion97 result 0
514  12:23:33 GetServerVersion97 on 0
515  12:23:33 GetServerVersion97 result 0
516  12:23:33 GetServerVersion97 on 1
517  12:23:33 GetServerVersion97 result 0
518  12:23:33 GetServerVersion97 on 2
519  12:23:33 GetServerVersion97 result 0
520  12:23:33 GetServerVersion97 on 3
521  12:23:33 GetServerVersion97 result 0
522  12:23:33 GetServerVersion97 on 4
523  12:23:33 GetServerVersion97 result 0
524  12:23:33 GetServerVersion97 on 5
525  12:23:33 GetServerVersion97 result 0
526  12:23:33 GetServerVersion97 on 6
527  12:23:33 GetServerVersion97 result 0
528  12:23:33 GetServerVersion97 on 7
529  12:23:33 GetServerVersion97 result 0
530  12:23:33 GetServerVersion97 on 8
531  12:23:33 GetServerVersion97 result 0
532  12:23:33 GetServerVersion97 on 9
533  12:23:33 GetServerVersion97 result 0
534  12:23:33 GetServerVersion97 on 10
535  12:23:33 GetServerVersion97 result 0
536  12:23:33 GetServerVersion97 on 11
537  12:23:33 GetServerVersion97 result 0
538  12:23:33 GetServerVersion97 on 12
539  12:23:33 GetServerVersion97 result 0
540  12:23:43 GetServerVersion97 on 0
541  12:23:43 GetServerVersion97 result 0
542  12:23:43 GetServerVersion97 on 1
543  12:23:43 GetServerVersion97 result 0
544  12:23:43 GetServerVersion97 on 2
545  12:23:43 GetServerVersion97 result 0
546  12:23:43 GetServerVersion97 on 3
547  12:23:43 GetServerVersion97 result 0
548  12:23:43 GetServerVersion97 on 4
549  12:23:43 GetServerVersion97 result 0
550  12:23:43 GetServerVersion97 on 5
551  12:23:43 GetServerVersion97 result 0
552  12:23:43 GetServerVersion97 on 6
553  12:23:43 GetServerVersion97 result 0
554  12:23:43 GetServerVersion97 on 7
555  12:23:43 GetServerVersion97 result 0
556  12:23:43 GetServerVersion97 on 8
557  12:23:43 GetServerVersion97 result 0
558  12:23:43 GetServerVersion97 on 9
559  12:23:43 GetServerVersion97 result 0
560  12:23:43 GetServerVersion97 on 10
561  12:23:43 GetServerVersion97 result 0
562  12:23:43 GetServerVersion97 on 11
563  12:23:43 GetServerVersion97 result 0
564  12:23:43 GetServerVersion97 on 12
565  12:23:43 GetServerVersion97 result 0
566  12:23:53 GetServerVersion97 on 0
567  12:23:53 GetServerVersion97 result 0
568  12:23:53 GetServerVersion97 on 1
569  12:23:53 GetServerVersion97 result 0
570  12:23:53 GetServerVersion97 on 2
571  12:23:53 GetServerVersion97 result 0
572  12:23:53 GetServerVersion97 on 3
573  12:23:53 GetServerVersion97 result 0
574  12:23:53 GetServerVersion97 on 4
575  12:23:53 GetServerVersion97 result 0
576  12:23:53 GetServerVersion97 on 5
577  12:23:53 GetServerVersion97 result 0
578  12:23:53 GetServerVersion97 on 6
579  12:23:53 GetServerVersion97 result 0
580  12:23:53 GetServerVersion97 on 7
581  12:23:53 GetServerVersion97 result 0
582  12:23:53 GetServerVersion97 on 8
583  12:23:53 GetServerVersion97 result 0
584  12:23:53 GetServerVersion97 on 9
585  12:23:53 GetServerVersion97 result 0
586  12:23:53 GetServerVersion97 on 10
587  12:23:53 GetServerVersion97 result 0
588  12:23:53 GetServerVersion97 on 11
589  12:23:53 GetServerVersion97 result 0
590  12:23:53 GetServerVersion97 on 12
591  12:23:53 GetServerVersion97 result 0
592  12:24:03 GetServerVersion97 on 0
593  12:24:03 GetServerVersion97 result 0
594  12:24:03 GetServerVersion97 on 1
595  12:24:03 GetServerVersion97 result 0
596  12:24:03 GetServerVersion97 on 2
597  12:24:03 GetServerVersion97 result 0
598  12:24:03 GetServerVersion97 on 3
599  12:24:03 GetServerVersion97 result 0
600  12:24:03 GetServerVersion97 on 4
601  12:24:03 GetServerVersion97 result 0
602  12:24:03 GetServerVersion97 on 5
603  12:24:03 GetServerVersion97 result 0
604  12:24:03 GetServerVersion97 on 6
605  12:24:03 GetServerVersion97 result 0
606  12:24:03 GetServerVersion97 on 7
607  12:24:03 GetServerVersion97 result 0
608  12:24:03 GetServerVersion97 on 8
609  12:24:03 GetServerVersion97 result 0
610  12:24:03 GetServerVersion97 on 9
611  12:24:03 GetServerVersion97 result 0
612  12:24:03 GetServerVersion97 on 10
613  12:24:03 GetServerVersion97 result 0
614  12:24:03 GetServerVersion97 on 11
615  12:24:03 GetServerVersion97 result 0
616  12:24:03 GetServerVersion97 on 12
617  12:24:03 GetServerVersion97 result 0
618  12:24:13 GetServerVersion97 on 0
619  12:24:13 GetServerVersion97 result 0
620  12:24:13 GetServerVersion97 on 1
621  12:24:13 GetServerVersion97 result 0
622  12:24:13 GetServerVersion97 on 2
623  12:24:13 GetServerVersion97 result 0
624  12:24:13 GetServerVersion97 on 3
625  12:24:13 GetServerVersion97 result 0
626  12:24:13 GetServerVersion97 on 4
627  12:24:13 GetServerVersion97 result 0
628  12:24:13 GetServerVersion97 on 5
629  12:24:13 GetServerVersion97 result 0
630  12:24:13 GetServerVersion97 on 6
631  12:24:13 GetServerVersion97 result 0
632  12:24:13 GetServerVersion97 on 7
633  12:24:13 GetServerVersion97 result 0
634  12:24:13 GetServerVersion97 on 8
635  12:24:13 GetServerVersion97 result 0
636  12:24:13 GetServerVersion97 on 9
637  12:24:13 GetServerVersion97 result 0
638  12:24:13 GetServerVersion97 on 10
639  12:24:13 GetServerVersion97 result 0
640  12:24:13 GetServerVersion97 on 11
641  12:24:13 GetServerVersion97 result 0
642  12:24:13 GetServerVersion97 on 12
643  12:24:13 GetServerVersion97 result 0
644  12:24:23 GetServerVersion97 on 0
645  12:24:23 GetServerVersion97 result 0
646  12:24:23 GetServerVersion97 on 1
647  12:24:23 GetServerVersion97 result 0
648  12:24:23 GetServerVersion97 on 2
649  12:24:23 GetServerVersion97 result 0
650  12:24:23 GetServerVersion97 on 3
651  12:24:23 GetServerVersion97 result 0
652  12:24:23 GetServerVersion97 on 4
653  12:24:23 GetServerVersion97 result 0
654  12:24:23 GetServerVersion97 on 5
655  12:24:23 GetServerVersion97 result 0
656  12:24:23 GetServerVersion97 on 6
657  12:24:23 GetServerVersion97 result 0
658  12:24:23 GetServerVersion97 on 7
659  12:24:23 GetServerVersion97 result 0
660  12:24:23 GetServerVersion97 on 8
661  12:24:23 GetServerVersion97 result 0
662  12:24:23 GetServerVersion97 on 9
663  12:24:23 GetServerVersion97 result 0
664  12:24:23 GetServerVersion97 on 10
665  12:24:23 GetServerVersion97 result 0
666  12:24:23 GetServerVersion97 on 11
667  12:24:23 GetServerVersion97 result 0
668  12:24:23 GetServerVersion97 on 12
669  12:24:23 GetServerVersion97 result 0
670  12:24:33 GetServerVersion97 on 0
671  12:24:33 GetServerVersion97 result 0
672  12:24:33 GetServerVersion97 on 1
673  12:24:33 GetServerVersion97 result 0
674  12:24:33 GetServerVersion97 on 2
675  12:24:33 GetServerVersion97 result 0
676  12:24:33 GetServerVersion97 on 3
677  12:24:33 GetServerVersion97 result 0
678  12:24:33 GetServerVersion97 on 4
679  12:24:33 GetServerVersion97 result 0
680  12:24:33 GetServerVersion97 on 5
681  12:24:33 GetServerVersion97 result 0
682  12:24:33 GetServerVersion97 on 6
683  12:24:33 GetServerVersion97 result 0
684  12:24:33 GetServerVersion97 on 7
685  12:24:33 GetServerVersion97 result 0
686  12:24:33 GetServerVersion97 on 8
687  12:24:33 GetServerVersion97 result 0
688  12:24:33 GetServerVersion97 on 9
689  12:24:33 GetServerVersion97 result 0
690  12:24:33 GetServerVersion97 on 10
691  12:24:33 GetServerVersion97 result 0
692  12:24:33 GetServerVersion97 on 11
693  12:24:33 GetServerVersion97 result 0
694  12:24:33 GetServerVersion97 on 12
695  12:24:33 GetServerVersion97 result 0
696  12:24:43 GetServerVersion97 on 0
697  12:24:43 GetServerVersion97 result 0
698  12:24:43 GetServerVersion97 on 1
699  12:24:43 GetServerVersion97 result 0
700  12:24:43 GetServerVersion97 on 2
701  12:24:43 GetServerVersion97 result 0
702  12:24:43 GetServerVersion97 on 3
703  12:24:43 GetServerVersion97 result 0
704  12:24:43 GetServerVersion97 on 4
705  12:24:43 GetServerVersion97 result 0
706  12:24:43 GetServerVersion97 on 5
707  12:24:43 GetServerVersion97 result 0
708  12:24:43 GetServerVersion97 on 6
709  12:24:43 GetServerVersion97 result 0
710  12:24:43 GetServerVersion97 on 7
711  12:24:43 GetServerVersion97 result 0
712  12:24:43 GetServerVersion97 on 8
713  12:24:43 GetServerVersion97 result 0
714  12:24:43 GetServerVersion97 on 9
715  12:24:43 GetServerVersion97 result 0
716  12:24:43 GetServerVersion97 on 10
717  12:24:43 GetServerVersion97 result 0
718  12:24:43 GetServerVersion97 on 11
719  12:24:43 GetServerVersion97 result 0
720  12:24:43 GetServerVersion97 on 12
721  12:24:43 GetServerVersion97 result 0
722  12:24:53 GetServerVersion97 on 0
723  12:24:53 GetServerVersion97 result 0
724  12:24:53 GetServerVersion97 on 1
725  12:24:53 GetServerVersion97 result 0
726  12:24:53 GetServerVersion97 on 2
727  12:24:53 GetServerVersion97 result 0
728  12:24:53 GetServerVersion97 on 3
729  12:24:53 GetServerVersion97 result 0
730  12:24:53 GetServerVersion97 on 4
731  12:24:53 GetServerVersion97 result 0
732  12:24:53 GetServerVersion97 on 5
733  12:24:53 GetServerVersion97 result 0
734  12:24:53 GetServerVersion97 on 6
735  12:24:53 GetServerVersion97 result 0
736  12:24:53 GetServerVersion97 on 7
737  12:24:53 GetServerVersion97 result 0
738  12:24:53 GetServerVersion97 on 8
739  12:24:53 GetServerVersion97 result 0
740  12:24:53 GetServerVersion97 on 9
741  12:24:53 GetServerVersion97 result 0
742  12:24:53 GetServerVersion97 on 10
743  12:24:53 GetServerVersion97 result 0
744  12:24:53 GetServerVersion97 on 11
745  12:24:53 GetServerVersion97 result 0
746  12:24:53 GetServerVersion97 on 12
747  12:24:53 GetServerVersion97 result 0
748  12:25:03 GetServerVersion97 on 0
749  12:25:03 GetServerVersion97 result 0
750  12:25:03 GetServerVersion97 on 1
751  12:25:03 GetServerVersion97 result 0
752  12:25:03 GetServerVersion97 on 2
753  12:25:03 GetServerVersion97 result 0
754  12:25:03 GetServerVersion97 on 3
755  12:25:03 GetServerVersion97 result 0
756  12:25:03 GetServerVersion97 on 4
757  12:25:03 GetServerVersion97 result 0
758  12:25:03 GetServerVersion97 on 5
759  12:25:03 GetServerVersion97 result 0
760  12:25:03 GetServerVersion97 on 6
761  12:25:03 GetServerVersion97 result 0
762  12:25:03 GetServerVersion97 on 7
763  12:25:03 GetServerVersion97 result 0
764  12:25:03 GetServerVersion97 on 8
765  12:25:03 GetServerVersion97 result 0
766  12:25:03 GetServerVersion97 on 9
767  12:25:03 GetServerVersion97 result 0
768  12:25:03 GetServerVersion97 on 10
769  12:25:03 GetServerVersion97 result 0
770  12:25:03 GetServerVersion97 on 11
771  12:25:03 GetServerVersion97 result 0
772  12:25:03 GetServerVersion97 on 12
773  12:25:03 GetServerVersion97 result 0
774  12:25:13 GetServerVersion97 on 0
775  12:25:13 GetServerVersion97 result 0
776  12:25:13 GetServerVersion97 on 1
777  12:25:13 GetServerVersion97 result 0
778  12:25:13 GetServerVersion97 on 2
779  12:25:13 GetServerVersion97 result 0
780  12:25:13 GetServerVersion97 on 3
781  12:25:13 GetServerVersion97 result 0
782  12:25:13 GetServerVersion97 on 4
783  12:25:13 GetServerVersion97 result 0
784  12:25:13 GetServerVersion97 on 5
785  12:25:13 GetServerVersion97 result 0
786  12:25:13 GetServerVersion97 on 6
787  12:25:13 GetServerVersion97 result 0
788  12:25:13 GetServerVersion97 on 7
789  12:25:13 GetServerVersion97 result 0
790  12:25:13 GetServerVersion97 on 8
791  12:25:13 GetServerVersion97 result 0
792  12:25:13 GetServerVersion97 on 9
793  12:25:13 GetServerVersion97 result 0
794  12:25:13 GetServerVersion97 on 10
795  12:25:13 GetServerVersion97 result 0
796  12:25:13 GetServerVersion97 on 11
797  12:25:13 GetServerVersion97 result 0
798  12:25:13 GetServerVersion97 on 12
799  12:25:13 GetServerVersion97 result 0
800  12:25:23 GetServerVersion97 on 0
801  12:25:23 GetServerVersion97 result 0
802  12:25:23 GetServerVersion97 on 1
803  12:25:23 GetServerVersion97 result 0
804  12:25:23 GetServerVersion97 on 2
805  12:25:23 GetServerVersion97 result 0
806  12:25:23 GetServerVersion97 on 3
807  12:25:23 GetServerVersion97 result 0
808  12:25:23 GetServerVersion97 on 4
809  12:25:23 GetServerVersion97 result 0
810  12:25:23 GetServerVersion97 on 5
811  12:25:23 GetServerVersion97 result 0
812  12:25:23 GetServerVersion97 on 6
813  12:25:23 GetServerVersion97 result 0
814  12:25:23 GetServerVersion97 on 7
815  12:25:23 GetServerVersion97 result 0
816  12:25:23 GetServerVersion97 on 8
817  12:25:23 GetServerVersion97 result 0
818  12:25:23 GetServerVersion97 on 9
819  12:25:23 GetServerVersion97 result 0
820  12:25:23 GetServerVersion97 on 10
821  12:25:23 GetServerVersion97 result 0
822  12:25:23 GetServerVersion97 on 11
823  12:25:23 GetServerVersion97 result 0
824  12:25:23 GetServerVersion97 on 12
825  12:25:23 GetServerVersion97 result 0
826  12:25:24 CloseMonitor

//-- 24.04.2019 15:59:38  -----------------------------

2  15:59:38 CloseMonitor
3  16:00:31 CloseMonitor
